2020-01-10 10:39:34 [main] INFO  c.s.keepnote.test.log.LoggerTest -
				Starting LoggerTest on ip-172-31-84-253 with PID 10227 (started by ubuntu in /home/ubuntu/Documents/springworkspace2/KeepNote-Step6-Boilerplate/ReminderService)
2020-01-10 10:39:34 [main] DEBUG c.s.keepnote.test.log.LoggerTest -
				Running with Spring Boot v2.0.2.RELEASE, Spring v5.0.6.RELEASE
2020-01-10 10:39:34 [main] INFO  c.s.keepnote.test.log.LoggerTest -
				No active profile set, falling back to default profiles: default
2020-01-10 10:39:40 [main] INFO  c.s.keepnote.test.log.LoggerTest -
				Started LoggerTest in 6.249 seconds (JVM running for 7.336)
2020-01-10 10:39:40 [main] INFO  c.s.k.t.c.ReminderControllerTest -
				Starting ReminderControllerTest on ip-172-31-84-253 with PID 10227 (started by ubuntu in /home/ubuntu/Documents/springworkspace2/KeepNote-Step6-Boilerplate/ReminderService)
2020-01-10 10:39:40 [main] DEBUG c.s.k.t.c.ReminderControllerTest -
				Running with Spring Boot v2.0.2.RELEASE, Spring v5.0.6.RELEASE
2020-01-10 10:39:40 [main] INFO  c.s.k.t.c.ReminderControllerTest -
				No active profile set, falling back to default profiles: default
2020-01-10 10:39:41 [main] INFO  c.s.k.t.c.ReminderControllerTest -
				Started ReminderControllerTest in 0.809 seconds (JVM running for 8.308)
2020-01-10 10:39:42 [main] INFO  c.s.k.t.r.ReminderRepositoryTest -
				Starting ReminderRepositoryTest on ip-172-31-84-253 with PID 10227 (started by ubuntu in /home/ubuntu/Documents/springworkspace2/KeepNote-Step6-Boilerplate/ReminderService)
2020-01-10 10:39:42 [main] DEBUG c.s.k.t.r.ReminderRepositoryTest -
				Running with Spring Boot v2.0.2.RELEASE, Spring v5.0.6.RELEASE
2020-01-10 10:39:42 [main] INFO  c.s.k.t.r.ReminderRepositoryTest -
				No active profile set, falling back to default profiles: default
2020-01-10 10:39:42 [main] INFO  c.s.k.t.r.ReminderRepositoryTest -
				Started ReminderRepositoryTest in 0.537 seconds (JVM running for 9.546)
