2020-01-13 12:15:26 [main] INFO  c.s.keepnote.NoteServiceApplication -
				Starting NoteServiceApplication on ip-172-31-84-253 with PID 5640 (/home/ubuntu/Documents/springworkspace2/KeepNote-Step6-Boilerplate/NoteService/target/classes started by ubuntu in /home/ubuntu/Documents/springworkspace2/KeepNote-Step6-Boilerplate/NoteService)
2020-01-13 12:15:26 [main] DEBUG c.s.keepnote.NoteServiceApplication -
				Running with Spring Boot v2.0.2.RELEASE, Spring v5.0.6.RELEASE
2020-01-13 12:15:26 [main] INFO  c.s.keepnote.NoteServiceApplication -
				No active profile set, falling back to default profiles: default
2020-01-13 12:15:28 [localhost-startStop-1] DEBUG c.s.keepnote.jwtfilter.JwtFilter -
				Initializing filter 'jwtFilter'
2020-01-13 12:15:28 [localhost-startStop-1] DEBUG c.s.keepnote.jwtfilter.JwtFilter -
				Filter 'jwtFilter' configured successfully
2020-01-13 12:15:30 [main] INFO  c.s.keepnote.NoteServiceApplication -
				Started NoteServiceApplication in 4.361 seconds (JVM running for 5.0)
2020-01-13 12:15:34 [http-nio-8082-exec-3] INFO  c.s.keepnote.aspectj.LoggingAspect -
				@Before : Mon Jan 13 12:15:34 UTC 2020
2020-01-13 12:15:34 [http-nio-8082-exec-1] INFO  c.s.keepnote.aspectj.LoggingAspect -
				@Before : Mon Jan 13 12:15:34 UTC 2020
2020-01-13 12:15:34 [http-nio-8082-exec-1] INFO  c.s.keepnote.aspectj.LoggingAspect -
				@After : Mon Jan 13 12:15:34 UTC 2020
2020-01-13 12:15:34 [http-nio-8082-exec-3] INFO  c.s.keepnote.aspectj.LoggingAspect -
				@After : Mon Jan 13 12:15:34 UTC 2020
2020-01-13 12:15:34 [http-nio-8082-exec-3] INFO  c.s.keepnote.aspectj.LoggingAspect -
				returning obj: <200 OK,Note [noteId=4, noteTitle=not-started, noteContent=again desc, noteStatus=not-started, createdAt=Mon Jan 13 12:03:50 UTC 2020, category=null, reminder=null, createdBy=Jhon123],{}>
2020-01-13 12:15:34 [http-nio-8082-exec-1] INFO  c.s.keepnote.aspectj.LoggingAspect -
				returning obj: <200 OK,[Note [noteId=2, noteTitle=Second Note, noteContent=Added from PostMan, noteStatus=In progress, createdAt=Mon Jan 13 05:52:22 UTC 2020, category=null, reminder=null, createdBy=Jhon123], Note [noteId=4, noteTitle=not-started, noteContent=again desc, noteStatus=not-started, createdAt=Mon Jan 13 12:03:50 UTC 2020, category=null, reminder=null, createdBy=Jhon123], Note [noteId=3, noteTitle=not-started, noteContent=desc, noteStatus=not-started, createdAt=Mon Jan 13 12:03:34 UTC 2020, category=null, reminder=null, createdBy=Jhon123]],{}>
2020-01-13 12:15:41 [http-nio-8082-exec-2] INFO  c.s.keepnote.aspectj.LoggingAspect -
				@Before : Mon Jan 13 12:15:41 UTC 2020
2020-01-13 12:15:41 [http-nio-8082-exec-2] INFO  c.s.keepnote.aspectj.LoggingAspect -
				@After : Mon Jan 13 12:15:41 UTC 2020
2020-01-13 12:15:41 [http-nio-8082-exec-2] INFO  c.s.keepnote.aspectj.LoggingAspect -
				returning obj: <200 OK,Note [noteId=4, noteTitle=not-started, noteContent=again desc, noteStatus=not-started, createdAt=Mon Jan 13 12:03:50 UTC 2020, category=null, reminder=null, createdBy=Jhon123],{}>
2020-01-13 12:15:41 [http-nio-8082-exec-4] INFO  c.s.keepnote.aspectj.LoggingAspect -
				@Before : Mon Jan 13 12:15:41 UTC 2020
2020-01-13 12:15:41 [http-nio-8082-exec-4] INFO  c.s.keepnote.aspectj.LoggingAspect -
				@After : Mon Jan 13 12:15:41 UTC 2020
2020-01-13 12:15:41 [http-nio-8082-exec-4] INFO  c.s.keepnote.aspectj.LoggingAspect -
				returning obj: <200 OK,[Note [noteId=2, noteTitle=Second Note, noteContent=Added from PostMan, noteStatus=In progress, createdAt=Mon Jan 13 05:52:22 UTC 2020, category=null, reminder=null, createdBy=Jhon123], Note [noteId=3, noteTitle=not-started, noteContent=desc, noteStatus=not-started, createdAt=Mon Jan 13 12:03:34 UTC 2020, category=null, reminder=null, createdBy=Jhon123], Note [noteId=4, noteTitle=not-started, noteContent=again desc, noteStatus=not-started, createdAt=Mon Jan 13 12:03:50 UTC 2020, category=null, reminder=null, createdBy=Jhon123]],{}>
2020-01-13 12:16:00 [http-nio-8082-exec-5] INFO  c.s.keepnote.aspectj.LoggingAspect -
				@Before : Mon Jan 13 12:16:00 UTC 2020
2020-01-13 12:16:00 [http-nio-8082-exec-5] INFO  c.s.keepnote.aspectj.LoggingAspect -
				@After : Mon Jan 13 12:16:00 UTC 2020
2020-01-13 12:16:00 [http-nio-8082-exec-5] INFO  c.s.keepnote.aspectj.LoggingAspect -
				returning obj: <200 OK,[Note [noteId=2, noteTitle=Second Note, noteContent=Added from PostMan, noteStatus=In progress, createdAt=Mon Jan 13 05:52:22 UTC 2020, category=null, reminder=null, createdBy=Jhon123], Note [noteId=3, noteTitle=not-started, noteContent=desc, noteStatus=not-started, createdAt=Mon Jan 13 12:03:34 UTC 2020, category=null, reminder=null, createdBy=Jhon123], Note [noteId=4, noteTitle=not-started, noteContent=again desc, noteStatus=not-started, createdAt=Mon Jan 13 12:03:50 UTC 2020, category=null, reminder=null, createdBy=Jhon123]],{}>
2020-01-13 12:16:00 [http-nio-8082-exec-6] INFO  c.s.keepnote.aspectj.LoggingAspect -
				@Before : Mon Jan 13 12:16:00 UTC 2020
2020-01-13 12:16:00 [http-nio-8082-exec-6] INFO  c.s.keepnote.aspectj.LoggingAspect -
				@After : Mon Jan 13 12:16:00 UTC 2020
2020-01-13 12:16:00 [http-nio-8082-exec-6] INFO  c.s.keepnote.aspectj.LoggingAspect -
				returning obj: <200 OK,[Note [noteId=2, noteTitle=Second Note, noteContent=Added from PostMan, noteStatus=In progress, createdAt=Mon Jan 13 05:52:22 UTC 2020, category=null, reminder=null, createdBy=Jhon123], Note [noteId=3, noteTitle=not-started, noteContent=desc, noteStatus=not-started, createdAt=Mon Jan 13 12:03:34 UTC 2020, category=null, reminder=null, createdBy=Jhon123], Note [noteId=4, noteTitle=not-started, noteContent=again desc, noteStatus=not-started, createdAt=Mon Jan 13 12:03:50 UTC 2020, category=null, reminder=null, createdBy=Jhon123]],{}>
2020-01-13 12:16:00 [http-nio-8082-exec-7] INFO  c.s.keepnote.aspectj.LoggingAspect -
				@Before : Mon Jan 13 12:16:00 UTC 2020
2020-01-13 12:16:00 [http-nio-8082-exec-7] INFO  c.s.keepnote.aspectj.LoggingAspect -
				@After : Mon Jan 13 12:16:00 UTC 2020
2020-01-13 12:16:00 [http-nio-8082-exec-7] INFO  c.s.keepnote.aspectj.LoggingAspect -
				returning obj: <200 OK,[Note [noteId=2, noteTitle=Second Note, noteContent=Added from PostMan, noteStatus=In progress, createdAt=Mon Jan 13 05:52:22 UTC 2020, category=null, reminder=null, createdBy=Jhon123], Note [noteId=3, noteTitle=not-started, noteContent=desc, noteStatus=not-started, createdAt=Mon Jan 13 12:03:34 UTC 2020, category=null, reminder=null, createdBy=Jhon123], Note [noteId=4, noteTitle=not-started, noteContent=again desc, noteStatus=not-started, createdAt=Mon Jan 13 12:03:50 UTC 2020, category=null, reminder=null, createdBy=Jhon123]],{}>
2020-01-13 12:16:02 [http-nio-8082-exec-8] INFO  c.s.keepnote.aspectj.LoggingAspect -
				@Before : Mon Jan 13 12:16:02 UTC 2020
2020-01-13 12:16:02 [http-nio-8082-exec-9] INFO  c.s.keepnote.aspectj.LoggingAspect -
				@Before : Mon Jan 13 12:16:02 UTC 2020
2020-01-13 12:16:02 [http-nio-8082-exec-9] INFO  c.s.keepnote.aspectj.LoggingAspect -
				@After : Mon Jan 13 12:16:02 UTC 2020
2020-01-13 12:16:02 [http-nio-8082-exec-9] INFO  c.s.keepnote.aspectj.LoggingAspect -
				returning obj: <200 OK,Note [noteId=3, noteTitle=not-started, noteContent=desc, noteStatus=not-started, createdAt=Mon Jan 13 12:03:34 UTC 2020, category=null, reminder=null, createdBy=Jhon123],{}>
2020-01-13 12:16:02 [http-nio-8082-exec-8] INFO  c.s.keepnote.aspectj.LoggingAspect -
				@After : Mon Jan 13 12:16:02 UTC 2020
2020-01-13 12:16:02 [http-nio-8082-exec-8] INFO  c.s.keepnote.aspectj.LoggingAspect -
				returning obj: <200 OK,[Note [noteId=2, noteTitle=Second Note, noteContent=Added from PostMan, noteStatus=In progress, createdAt=Mon Jan 13 05:52:22 UTC 2020, category=null, reminder=null, createdBy=Jhon123], Note [noteId=3, noteTitle=not-started, noteContent=desc, noteStatus=not-started, createdAt=Mon Jan 13 12:03:34 UTC 2020, category=null, reminder=null, createdBy=Jhon123], Note [noteId=4, noteTitle=not-started, noteContent=again desc, noteStatus=not-started, createdAt=Mon Jan 13 12:03:50 UTC 2020, category=null, reminder=null, createdBy=Jhon123]],{}>
2020-01-13 12:16:10 [http-nio-8082-exec-10] INFO  c.s.keepnote.aspectj.LoggingAspect -
				@Before : Mon Jan 13 12:16:10 UTC 2020
2020-01-13 12:16:10 [http-nio-8082-exec-10] INFO  c.s.keepnote.aspectj.LoggingAspect -
				@After : Mon Jan 13 12:16:10 UTC 2020
2020-01-13 12:16:10 [http-nio-8082-exec-10] INFO  c.s.keepnote.aspectj.LoggingAspect -
				returning obj: <200 OK,Note [noteId=3, noteTitle=not-started, noteContent=desc, noteStatus=not-started, createdAt=Mon Jan 13 12:03:34 UTC 2020, category=null, reminder=null, createdBy=Jhon123],{}>
2020-01-13 12:16:11 [http-nio-8082-exec-1] INFO  c.s.keepnote.aspectj.LoggingAspect -
				@Before : Mon Jan 13 12:16:11 UTC 2020
2020-01-13 12:16:11 [http-nio-8082-exec-1] INFO  c.s.keepnote.aspectj.LoggingAspect -
				@After : Mon Jan 13 12:16:11 UTC 2020
2020-01-13 12:16:11 [http-nio-8082-exec-1] INFO  c.s.keepnote.aspectj.LoggingAspect -
				returning obj: <200 OK,[Note [noteId=2, noteTitle=Second Note, noteContent=Added from PostMan, noteStatus=In progress, createdAt=Mon Jan 13 05:52:22 UTC 2020, category=null, reminder=null, createdBy=Jhon123], Note [noteId=4, noteTitle=not-started, noteContent=again desc, noteStatus=not-started, createdAt=Mon Jan 13 12:03:50 UTC 2020, category=null, reminder=null, createdBy=Jhon123], Note [noteId=3, noteTitle=not-started, noteContent=desc, noteStatus=not-started, createdAt=Mon Jan 13 12:03:34 UTC 2020, category=null, reminder=null, createdBy=Jhon123]],{}>
