2020-01-13 10:13:23 [main] INFO  c.s.keepnote.NoteServiceApplication -
				Starting NoteServiceApplication on ip-172-31-84-253 with PID 30818 (/home/ubuntu/Documents/springworkspace2/KeepNote-Step6-Boilerplate/NoteService/target/classes started by ubuntu in /home/ubuntu/Documents/springworkspace2/KeepNote-Step6-Boilerplate/NoteService)
2020-01-13 10:13:23 [main] DEBUG c.s.keepnote.NoteServiceApplication -
				Running with Spring Boot v2.0.2.RELEASE, Spring v5.0.6.RELEASE
2020-01-13 10:13:23 [main] INFO  c.s.keepnote.NoteServiceApplication -
				No active profile set, falling back to default profiles: default
2020-01-13 10:13:25 [localhost-startStop-1] DEBUG c.s.keepnote.jwtfilter.JwtFilter -
				Initializing filter 'jwtFilter'
2020-01-13 10:13:25 [localhost-startStop-1] DEBUG c.s.keepnote.jwtfilter.JwtFilter -
				Filter 'jwtFilter' configured successfully
2020-01-13 10:13:27 [main] INFO  c.s.keepnote.NoteServiceApplication -
				Started NoteServiceApplication in 4.347 seconds (JVM running for 5.013)
2020-01-13 10:13:47 [http-nio-8082-exec-2] INFO  c.s.keepnote.aspectj.LoggingAspect -
				@Before : Mon Jan 13 10:13:47 UTC 2020
2020-01-13 10:13:47 [http-nio-8082-exec-2] INFO  c.s.keepnote.aspectj.LoggingAspect -
				@After : Mon Jan 13 10:13:47 UTC 2020
2020-01-13 10:13:47 [http-nio-8082-exec-2] INFO  c.s.keepnote.aspectj.LoggingAspect -
				returning obj: <200 OK,[Note [noteId=1, noteTitle=First Note, noteContent=Added from PostMan, noteStatus=NotStarted, createdAt=Mon Jan 13 05:46:09 UTC 2020, category=null, reminder=null, createdBy=Jhon123], Note [noteId=2, noteTitle=Second Note, noteContent=Added from PostMan, noteStatus=In progress, createdAt=Mon Jan 13 05:52:22 UTC 2020, category=null, reminder=null, createdBy=Jhon123]],{}>
2020-01-13 10:20:03 [http-nio-8082-exec-7] INFO  c.s.keepnote.aspectj.LoggingAspect -
				@Before : Mon Jan 13 10:20:03 UTC 2020
2020-01-13 10:20:03 [http-nio-8082-exec-7] INFO  c.s.keepnote.aspectj.LoggingAspect -
				@After : Mon Jan 13 10:20:03 UTC 2020
2020-01-13 10:20:03 [http-nio-8082-exec-7] INFO  c.s.keepnote.aspectj.LoggingAspect -
				returning obj: <200 OK,[Note [noteId=1, noteTitle=First Note, noteContent=Added from PostMan, noteStatus=NotStarted, createdAt=Mon Jan 13 05:46:09 UTC 2020, category=null, reminder=null, createdBy=Jhon123], Note [noteId=2, noteTitle=Second Note, noteContent=Added from PostMan, noteStatus=In progress, createdAt=Mon Jan 13 05:52:22 UTC 2020, category=null, reminder=null, createdBy=Jhon123]],{}>
2020-01-13 10:28:06 [http-nio-8082-exec-9] INFO  c.s.keepnote.aspectj.LoggingAspect -
				@Before : Mon Jan 13 10:28:06 UTC 2020
2020-01-13 10:28:06 [http-nio-8082-exec-9] INFO  c.s.keepnote.aspectj.LoggingAspect -
				@After : Mon Jan 13 10:28:06 UTC 2020
2020-01-13 10:28:06 [http-nio-8082-exec-9] INFO  c.s.keepnote.aspectj.LoggingAspect -
				returning obj: <200 OK,[Note [noteId=1, noteTitle=First Note, noteContent=Added from PostMan, noteStatus=NotStarted, createdAt=Mon Jan 13 05:46:09 UTC 2020, category=null, reminder=null, createdBy=Jhon123], Note [noteId=2, noteTitle=Second Note, noteContent=Added from PostMan, noteStatus=In progress, createdAt=Mon Jan 13 05:52:22 UTC 2020, category=null, reminder=null, createdBy=Jhon123]],{}>
2020-01-13 10:46:21 [http-nio-8082-exec-3] INFO  c.s.keepnote.aspectj.LoggingAspect -
				@Before : Mon Jan 13 10:46:21 UTC 2020
2020-01-13 10:46:21 [http-nio-8082-exec-3] INFO  c.s.keepnote.aspectj.LoggingAspect -
				@After : Mon Jan 13 10:46:21 UTC 2020
2020-01-13 10:46:21 [http-nio-8082-exec-3] INFO  c.s.keepnote.aspectj.LoggingAspect -
				returning obj: <200 OK,[Note [noteId=1, noteTitle=First Note, noteContent=Added from PostMan, noteStatus=NotStarted, createdAt=Mon Jan 13 05:46:09 UTC 2020, category=null, reminder=null, createdBy=Jhon123], Note [noteId=2, noteTitle=Second Note, noteContent=Added from PostMan, noteStatus=In progress, createdAt=Mon Jan 13 05:52:22 UTC 2020, category=null, reminder=null, createdBy=Jhon123]],{}>
2020-01-13 10:46:21 [http-nio-8082-exec-5] INFO  c.s.keepnote.aspectj.LoggingAspect -
				@Before : Mon Jan 13 10:46:21 UTC 2020
2020-01-13 10:46:21 [http-nio-8082-exec-5] INFO  c.s.keepnote.aspectj.LoggingAspect -
				@After : Mon Jan 13 10:46:21 UTC 2020
2020-01-13 10:46:21 [http-nio-8082-exec-5] INFO  c.s.keepnote.aspectj.LoggingAspect -
				returning obj: <200 OK,[Note [noteId=1, noteTitle=First Note, noteContent=Added from PostMan, noteStatus=NotStarted, createdAt=Mon Jan 13 05:46:09 UTC 2020, category=null, reminder=null, createdBy=Jhon123], Note [noteId=2, noteTitle=Second Note, noteContent=Added from PostMan, noteStatus=In progress, createdAt=Mon Jan 13 05:52:22 UTC 2020, category=null, reminder=null, createdBy=Jhon123]],{}>
2020-01-13 10:46:21 [http-nio-8082-exec-7] INFO  c.s.keepnote.aspectj.LoggingAspect -
				@Before : Mon Jan 13 10:46:21 UTC 2020
2020-01-13 10:46:21 [http-nio-8082-exec-7] INFO  c.s.keepnote.aspectj.LoggingAspect -
				@After : Mon Jan 13 10:46:21 UTC 2020
2020-01-13 10:46:21 [http-nio-8082-exec-7] INFO  c.s.keepnote.aspectj.LoggingAspect -
				returning obj: <200 OK,[Note [noteId=1, noteTitle=First Note, noteContent=Added from PostMan, noteStatus=NotStarted, createdAt=Mon Jan 13 05:46:09 UTC 2020, category=null, reminder=null, createdBy=Jhon123], Note [noteId=2, noteTitle=Second Note, noteContent=Added from PostMan, noteStatus=In progress, createdAt=Mon Jan 13 05:52:22 UTC 2020, category=null, reminder=null, createdBy=Jhon123]],{}>
2020-01-13 10:46:45 [http-nio-8082-exec-6] INFO  c.s.keepnote.aspectj.LoggingAspect -
				@Before : Mon Jan 13 10:46:45 UTC 2020
2020-01-13 10:46:45 [http-nio-8082-exec-6] INFO  c.s.keepnote.aspectj.LoggingAspect -
				@After : Mon Jan 13 10:46:45 UTC 2020
2020-01-13 10:46:45 [http-nio-8082-exec-6] INFO  c.s.keepnote.aspectj.LoggingAspect -
				returning obj: <200 OK,[Note [noteId=1, noteTitle=First Note, noteContent=Added from PostMan, noteStatus=NotStarted, createdAt=Mon Jan 13 05:46:09 UTC 2020, category=null, reminder=null, createdBy=Jhon123], Note [noteId=2, noteTitle=Second Note, noteContent=Added from PostMan, noteStatus=In progress, createdAt=Mon Jan 13 05:52:22 UTC 2020, category=null, reminder=null, createdBy=Jhon123]],{}>
2020-01-13 10:46:45 [http-nio-8082-exec-9] INFO  c.s.keepnote.aspectj.LoggingAspect -
				@Before : Mon Jan 13 10:46:45 UTC 2020
2020-01-13 10:46:45 [http-nio-8082-exec-9] INFO  c.s.keepnote.aspectj.LoggingAspect -
				@After : Mon Jan 13 10:46:45 UTC 2020
2020-01-13 10:46:45 [http-nio-8082-exec-9] INFO  c.s.keepnote.aspectj.LoggingAspect -
				returning obj: <200 OK,Note [noteId=1, noteTitle=First Note, noteContent=Added from PostMan, noteStatus=NotStarted, createdAt=Mon Jan 13 05:46:09 UTC 2020, category=null, reminder=null, createdBy=Jhon123],{}>
2020-01-13 10:46:52 [http-nio-8082-exec-1] INFO  c.s.keepnote.aspectj.LoggingAspect -
				@Before : Mon Jan 13 10:46:52 UTC 2020
2020-01-13 10:46:52 [http-nio-8082-exec-1] INFO  c.s.keepnote.aspectj.LoggingAspect -
				@After : Mon Jan 13 10:46:52 UTC 2020
2020-01-13 10:46:52 [http-nio-8082-exec-1] INFO  c.s.keepnote.aspectj.LoggingAspect -
				returning obj: <200 OK,[Note [noteId=1, noteTitle=First Note, noteContent=Added from PostMan, noteStatus=NotStarted, createdAt=Mon Jan 13 05:46:09 UTC 2020, category=null, reminder=null, createdBy=Jhon123], Note [noteId=2, noteTitle=Second Note, noteContent=Added from PostMan, noteStatus=In progress, createdAt=Mon Jan 13 05:52:22 UTC 2020, category=null, reminder=null, createdBy=Jhon123]],{}>
2020-01-13 10:46:58 [http-nio-8082-exec-2] INFO  c.s.keepnote.aspectj.LoggingAspect -
				@Before : Mon Jan 13 10:46:58 UTC 2020
2020-01-13 10:46:58 [http-nio-8082-exec-2] INFO  c.s.keepnote.aspectj.LoggingAspect -
				@After : Mon Jan 13 10:46:58 UTC 2020
2020-01-13 10:46:58 [http-nio-8082-exec-2] INFO  c.s.keepnote.aspectj.LoggingAspect -
				returning obj: <200 OK,[Note [noteId=1, noteTitle=First Note, noteContent=Added from PostMan, noteStatus=NotStarted, createdAt=Mon Jan 13 05:46:09 UTC 2020, category=null, reminder=null, createdBy=Jhon123], Note [noteId=2, noteTitle=Second Note, noteContent=Added from PostMan, noteStatus=In progress, createdAt=Mon Jan 13 05:52:22 UTC 2020, category=null, reminder=null, createdBy=Jhon123]],{}>
2020-01-13 10:46:58 [http-nio-8082-exec-3] INFO  c.s.keepnote.aspectj.LoggingAspect -
				@Before : Mon Jan 13 10:46:58 UTC 2020
2020-01-13 10:46:58 [http-nio-8082-exec-3] INFO  c.s.keepnote.aspectj.LoggingAspect -
				@After : Mon Jan 13 10:46:58 UTC 2020
2020-01-13 10:46:58 [http-nio-8082-exec-3] INFO  c.s.keepnote.aspectj.LoggingAspect -
				returning obj: <200 OK,Note [noteId=1, noteTitle=First Note, noteContent=Added from PostMan, noteStatus=NotStarted, createdAt=Mon Jan 13 05:46:09 UTC 2020, category=null, reminder=null, createdBy=Jhon123],{}>
2020-01-13 10:47:07 [http-nio-8082-exec-7] INFO  c.s.keepnote.aspectj.LoggingAspect -
				@Before : Mon Jan 13 10:47:07 UTC 2020
2020-01-13 10:47:07 [http-nio-8082-exec-7] INFO  c.s.keepnote.aspectj.LoggingAspect -
				@After : Mon Jan 13 10:47:07 UTC 2020
2020-01-13 10:47:07 [http-nio-8082-exec-7] INFO  c.s.keepnote.aspectj.LoggingAspect -
				returning obj: <200 OK,[Note [noteId=1, noteTitle=First Note, noteContent=Added from PostMan, noteStatus=NotStarted, createdAt=Mon Jan 13 05:46:09 UTC 2020, category=null, reminder=null, createdBy=Jhon123], Note [noteId=2, noteTitle=Second Note, noteContent=Added from PostMan, noteStatus=In progress, createdAt=Mon Jan 13 05:52:22 UTC 2020, category=null, reminder=null, createdBy=Jhon123]],{}>
2020-01-13 10:47:12 [http-nio-8082-exec-8] INFO  c.s.keepnote.aspectj.LoggingAspect -
				@Before : Mon Jan 13 10:47:12 UTC 2020
2020-01-13 10:47:12 [http-nio-8082-exec-8] INFO  c.s.keepnote.aspectj.LoggingAspect -
				@After : Mon Jan 13 10:47:12 UTC 2020
2020-01-13 10:47:12 [http-nio-8082-exec-8] INFO  c.s.keepnote.aspectj.LoggingAspect -
				returning obj: <200 OK,{}>
2020-01-13 10:47:12 [http-nio-8082-exec-6] INFO  c.s.keepnote.aspectj.LoggingAspect -
				@Before : Mon Jan 13 10:47:12 UTC 2020
2020-01-13 10:47:12 [http-nio-8082-exec-6] INFO  c.s.keepnote.aspectj.LoggingAspect -
				@After : Mon Jan 13 10:47:12 UTC 2020
2020-01-13 10:47:12 [http-nio-8082-exec-6] INFO  c.s.keepnote.aspectj.LoggingAspect -
				returning obj: <200 OK,[Note [noteId=2, noteTitle=Second Note, noteContent=Added from PostMan, noteStatus=In progress, createdAt=Mon Jan 13 05:52:22 UTC 2020, category=null, reminder=null, createdBy=Jhon123]],{}>
2020-01-13 10:50:48 [http-nio-8082-exec-2] INFO  c.s.keepnote.aspectj.LoggingAspect -
				@Before : Mon Jan 13 10:50:48 UTC 2020
2020-01-13 10:50:48 [http-nio-8082-exec-2] INFO  c.s.keepnote.aspectj.LoggingAspect -
				@After : Mon Jan 13 10:50:48 UTC 2020
2020-01-13 10:50:48 [http-nio-8082-exec-2] INFO  c.s.keepnote.aspectj.LoggingAspect -
				returning obj: <200 OK,[Note [noteId=2, noteTitle=Second Note, noteContent=Added from PostMan, noteStatus=In progress, createdAt=Mon Jan 13 05:52:22 UTC 2020, category=null, reminder=null, createdBy=Jhon123]],{}>
2020-01-13 10:50:48 [http-nio-8082-exec-3] INFO  c.s.keepnote.aspectj.LoggingAspect -
				@Before : Mon Jan 13 10:50:48 UTC 2020
2020-01-13 10:50:48 [http-nio-8082-exec-3] INFO  c.s.keepnote.aspectj.LoggingAspect -
				@After : Mon Jan 13 10:50:48 UTC 2020
2020-01-13 10:50:48 [http-nio-8082-exec-3] INFO  c.s.keepnote.aspectj.LoggingAspect -
				returning obj: <200 OK,[Note [noteId=2, noteTitle=Second Note, noteContent=Added from PostMan, noteStatus=In progress, createdAt=Mon Jan 13 05:52:22 UTC 2020, category=null, reminder=null, createdBy=Jhon123]],{}>
2020-01-13 10:50:48 [http-nio-8082-exec-5] INFO  c.s.keepnote.aspectj.LoggingAspect -
				@Before : Mon Jan 13 10:50:48 UTC 2020
2020-01-13 10:50:48 [http-nio-8082-exec-5] INFO  c.s.keepnote.aspectj.LoggingAspect -
				@After : Mon Jan 13 10:50:48 UTC 2020
2020-01-13 10:50:48 [http-nio-8082-exec-5] INFO  c.s.keepnote.aspectj.LoggingAspect -
				returning obj: <200 OK,[Note [noteId=2, noteTitle=Second Note, noteContent=Added from PostMan, noteStatus=In progress, createdAt=Mon Jan 13 05:52:22 UTC 2020, category=null, reminder=null, createdBy=Jhon123]],{}>
