2020-01-09 07:06:26 [main] INFO  c.s.k.t.c.NoteControllerTest -
				Starting NoteControllerTest on ip-172-31-84-253 with PID 3873 (started by ubuntu in /home/ubuntu/Documents/springworkspace2/KeepNote-Step6-Boilerplate/NoteService)
2020-01-09 07:06:26 [main] DEBUG c.s.k.t.c.NoteControllerTest -
				Running with Spring Boot v2.0.2.RELEASE, Spring v5.0.6.RELEASE
2020-01-09 07:06:26 [main] INFO  c.s.k.t.c.NoteControllerTest -
				No active profile set, falling back to default profiles: default
2020-01-09 07:06:31 [main] INFO  c.s.k.t.c.NoteControllerTest -
				Started NoteControllerTest in 6.369 seconds (JVM running for 9.497)
2020-01-09 07:06:34 [main] INFO  c.s.keepnote.test.log.LoggerTest -
				Starting LoggerTest on ip-172-31-84-253 with PID 3873 (started by ubuntu in /home/ubuntu/Documents/springworkspace2/KeepNote-Step6-Boilerplate/NoteService)
2020-01-09 07:06:34 [main] DEBUG c.s.keepnote.test.log.LoggerTest -
				Running with Spring Boot v2.0.2.RELEASE, Spring v5.0.6.RELEASE
2020-01-09 07:06:34 [main] INFO  c.s.keepnote.test.log.LoggerTest -
				No active profile set, falling back to default profiles: default
2020-01-09 07:06:44 [main] INFO  c.s.keepnote.test.log.LoggerTest -
				Started LoggerTest in 9.839 seconds (JVM running for 21.89)
2020-01-09 07:06:44 [main] INFO  c.s.k.t.r.NoteRepositoryTest -
				Starting NoteRepositoryTest on ip-172-31-84-253 with PID 3873 (started by ubuntu in /home/ubuntu/Documents/springworkspace2/KeepNote-Step6-Boilerplate/NoteService)
2020-01-09 07:06:44 [main] DEBUG c.s.k.t.r.NoteRepositoryTest -
				Running with Spring Boot v2.0.2.RELEASE, Spring v5.0.6.RELEASE
2020-01-09 07:06:44 [main] INFO  c.s.k.t.r.NoteRepositoryTest -
				No active profile set, falling back to default profiles: default
2020-01-09 07:06:45 [main] INFO  c.s.k.t.r.NoteRepositoryTest -
				Started NoteRepositoryTest in 0.988 seconds (JVM running for 23.12)
