2020-01-13 12:17:32 [main] INFO  c.s.keepnote.NoteServiceApplication -
				Starting NoteServiceApplication on ip-172-31-84-253 with PID 5840 (/home/ubuntu/Documents/springworkspace2/KeepNote-Step6-Boilerplate/NoteService/target/classes started by ubuntu in /home/ubuntu/Documents/springworkspace2/KeepNote-Step6-Boilerplate/NoteService)
2020-01-13 12:17:32 [main] DEBUG c.s.keepnote.NoteServiceApplication -
				Running with Spring Boot v2.0.2.RELEASE, Spring v5.0.6.RELEASE
2020-01-13 12:17:32 [main] INFO  c.s.keepnote.NoteServiceApplication -
				No active profile set, falling back to default profiles: default
2020-01-13 12:17:34 [localhost-startStop-1] DEBUG c.s.keepnote.jwtfilter.JwtFilter -
				Initializing filter 'jwtFilter'
2020-01-13 12:17:34 [localhost-startStop-1] DEBUG c.s.keepnote.jwtfilter.JwtFilter -
				Filter 'jwtFilter' configured successfully
2020-01-13 12:17:36 [main] INFO  c.s.keepnote.NoteServiceApplication -
				Started NoteServiceApplication in 4.588 seconds (JVM running for 5.122)
2020-01-13 12:18:00 [http-nio-8082-exec-1] INFO  c.s.keepnote.aspectj.LoggingAspect -
				@Before : Mon Jan 13 12:18:00 UTC 2020
2020-01-13 12:18:00 [http-nio-8082-exec-1] INFO  c.s.keepnote.aspectj.LoggingAspect -
				@After : Mon Jan 13 12:18:00 UTC 2020
2020-01-13 12:18:00 [http-nio-8082-exec-1] INFO  c.s.keepnote.aspectj.LoggingAspect -
				returning obj: <200 OK,[Note [noteId=2, noteTitle=Second Note, noteContent=Added from PostMan, noteStatus=In progress, createdAt=Mon Jan 13 05:52:22 UTC 2020, category=null, reminder=null, createdBy=Jhon123], Note [noteId=4, noteTitle=not-started, noteContent=again desc, noteStatus=not-started, createdAt=Mon Jan 13 12:03:50 UTC 2020, category=null, reminder=null, createdBy=Jhon123], Note [noteId=3, noteTitle=not-started, noteContent=desc, noteStatus=not-started, createdAt=Mon Jan 13 12:03:34 UTC 2020, category=null, reminder=null, createdBy=Jhon123]],{}>
2020-01-13 12:18:00 [http-nio-8082-exec-2] INFO  c.s.keepnote.aspectj.LoggingAspect -
				@Before : Mon Jan 13 12:18:00 UTC 2020
2020-01-13 12:18:00 [http-nio-8082-exec-2] INFO  c.s.keepnote.aspectj.LoggingAspect -
				@After : Mon Jan 13 12:18:00 UTC 2020
2020-01-13 12:18:00 [http-nio-8082-exec-2] INFO  c.s.keepnote.aspectj.LoggingAspect -
				returning obj: <200 OK,[Note [noteId=2, noteTitle=Second Note, noteContent=Added from PostMan, noteStatus=In progress, createdAt=Mon Jan 13 05:52:22 UTC 2020, category=null, reminder=null, createdBy=Jhon123], Note [noteId=4, noteTitle=not-started, noteContent=again desc, noteStatus=not-started, createdAt=Mon Jan 13 12:03:50 UTC 2020, category=null, reminder=null, createdBy=Jhon123], Note [noteId=3, noteTitle=not-started, noteContent=desc, noteStatus=not-started, createdAt=Mon Jan 13 12:03:34 UTC 2020, category=null, reminder=null, createdBy=Jhon123]],{}>
2020-01-13 12:18:00 [http-nio-8082-exec-2] INFO  c.s.keepnote.aspectj.LoggingAspect -
				@Before : Mon Jan 13 12:18:00 UTC 2020
2020-01-13 12:18:00 [http-nio-8082-exec-2] INFO  c.s.keepnote.aspectj.LoggingAspect -
				@After : Mon Jan 13 12:18:00 UTC 2020
2020-01-13 12:18:00 [http-nio-8082-exec-2] INFO  c.s.keepnote.aspectj.LoggingAspect -
				returning obj: <200 OK,[Note [noteId=2, noteTitle=Second Note, noteContent=Added from PostMan, noteStatus=In progress, createdAt=Mon Jan 13 05:52:22 UTC 2020, category=null, reminder=null, createdBy=Jhon123], Note [noteId=4, noteTitle=not-started, noteContent=again desc, noteStatus=not-started, createdAt=Mon Jan 13 12:03:50 UTC 2020, category=null, reminder=null, createdBy=Jhon123], Note [noteId=3, noteTitle=not-started, noteContent=desc, noteStatus=not-started, createdAt=Mon Jan 13 12:03:34 UTC 2020, category=null, reminder=null, createdBy=Jhon123]],{}>
2020-01-13 12:18:02 [http-nio-8082-exec-3] INFO  c.s.keepnote.aspectj.LoggingAspect -
				@Before : Mon Jan 13 12:18:02 UTC 2020
2020-01-13 12:18:02 [http-nio-8082-exec-4] INFO  c.s.keepnote.aspectj.LoggingAspect -
				@Before : Mon Jan 13 12:18:02 UTC 2020
2020-01-13 12:18:02 [http-nio-8082-exec-4] INFO  c.s.keepnote.aspectj.LoggingAspect -
				@After : Mon Jan 13 12:18:02 UTC 2020
2020-01-13 12:18:02 [http-nio-8082-exec-4] INFO  c.s.keepnote.aspectj.LoggingAspect -
				returning obj: <200 OK,Note [noteId=4, noteTitle=not-started, noteContent=again desc, noteStatus=not-started, createdAt=Mon Jan 13 12:03:50 UTC 2020, category=null, reminder=null, createdBy=Jhon123],{}>
2020-01-13 12:18:02 [http-nio-8082-exec-3] INFO  c.s.keepnote.aspectj.LoggingAspect -
				@After : Mon Jan 13 12:18:02 UTC 2020
2020-01-13 12:18:02 [http-nio-8082-exec-3] INFO  c.s.keepnote.aspectj.LoggingAspect -
				returning obj: <200 OK,[Note [noteId=2, noteTitle=Second Note, noteContent=Added from PostMan, noteStatus=In progress, createdAt=Mon Jan 13 05:52:22 UTC 2020, category=null, reminder=null, createdBy=Jhon123], Note [noteId=4, noteTitle=not-started, noteContent=again desc, noteStatus=not-started, createdAt=Mon Jan 13 12:03:50 UTC 2020, category=null, reminder=null, createdBy=Jhon123], Note [noteId=3, noteTitle=not-started, noteContent=desc, noteStatus=not-started, createdAt=Mon Jan 13 12:03:34 UTC 2020, category=null, reminder=null, createdBy=Jhon123]],{}>
2020-01-13 12:18:07 [http-nio-8082-exec-5] INFO  c.s.keepnote.aspectj.LoggingAspect -
				@Before : Mon Jan 13 12:18:07 UTC 2020
2020-01-13 12:18:07 [http-nio-8082-exec-5] INFO  c.s.keepnote.aspectj.LoggingAspect -
				@After : Mon Jan 13 12:18:07 UTC 2020
2020-01-13 12:18:07 [http-nio-8082-exec-5] INFO  c.s.keepnote.aspectj.LoggingAspect -
				returning obj: <200 OK,Note [noteId=4, noteTitle=not-started, noteContent=again desc, noteStatus=not-started, createdAt=Mon Jan 13 12:03:50 UTC 2020, category=null, reminder=null, createdBy=Jhon123],{}>
2020-01-13 12:18:07 [http-nio-8082-exec-7] INFO  c.s.keepnote.aspectj.LoggingAspect -
				@Before : Mon Jan 13 12:18:07 UTC 2020
2020-01-13 12:18:07 [http-nio-8082-exec-7] INFO  c.s.keepnote.aspectj.LoggingAspect -
				@After : Mon Jan 13 12:18:07 UTC 2020
2020-01-13 12:18:07 [http-nio-8082-exec-7] INFO  c.s.keepnote.aspectj.LoggingAspect -
				returning obj: <200 OK,[Note [noteId=2, noteTitle=Second Note, noteContent=Added from PostMan, noteStatus=In progress, createdAt=Mon Jan 13 05:52:22 UTC 2020, category=null, reminder=null, createdBy=Jhon123], Note [noteId=3, noteTitle=not-started, noteContent=desc, noteStatus=not-started, createdAt=Mon Jan 13 12:03:34 UTC 2020, category=null, reminder=null, createdBy=Jhon123], Note [noteId=4, noteTitle=not-started, noteContent=again desc, noteStatus=not-started, createdAt=Mon Jan 13 12:03:50 UTC 2020, category=null, reminder=null, createdBy=Jhon123]],{}>
2020-01-13 12:19:53 [http-nio-8082-exec-10] INFO  c.s.keepnote.aspectj.LoggingAspect -
				@Before : Mon Jan 13 12:19:53 UTC 2020
2020-01-13 12:19:53 [http-nio-8082-exec-10] INFO  c.s.keepnote.aspectj.LoggingAspect -
				@After : Mon Jan 13 12:19:53 UTC 2020
2020-01-13 12:19:53 [http-nio-8082-exec-10] INFO  c.s.keepnote.aspectj.LoggingAspect -
				returning obj: <200 OK,{}>
2020-01-13 12:19:53 [http-nio-8082-exec-1] INFO  c.s.keepnote.aspectj.LoggingAspect -
				@Before : Mon Jan 13 12:19:53 UTC 2020
2020-01-13 12:19:53 [http-nio-8082-exec-1] INFO  c.s.keepnote.aspectj.LoggingAspect -
				@After : Mon Jan 13 12:19:53 UTC 2020
2020-01-13 12:19:53 [http-nio-8082-exec-1] INFO  c.s.keepnote.aspectj.LoggingAspect -
				returning obj: <200 OK,[Note [noteId=2, noteTitle=Second Note, noteContent=Added from PostMan, noteStatus=In progress, createdAt=Mon Jan 13 05:52:22 UTC 2020, category=null, reminder=null, createdBy=Jhon123], Note [noteId=4, noteTitle=not-started, noteContent=again desc, noteStatus=not-started, createdAt=Mon Jan 13 12:03:50 UTC 2020, category=null, reminder=null, createdBy=Jhon123]],{}>
2020-01-13 12:19:55 [http-nio-8082-exec-2] INFO  c.s.keepnote.aspectj.LoggingAspect -
				@Before : Mon Jan 13 12:19:55 UTC 2020
2020-01-13 12:19:55 [http-nio-8082-exec-4] INFO  c.s.keepnote.aspectj.LoggingAspect -
				@Before : Mon Jan 13 12:19:55 UTC 2020
2020-01-13 12:19:55 [http-nio-8082-exec-4] INFO  c.s.keepnote.aspectj.LoggingAspect -
				@After : Mon Jan 13 12:19:55 UTC 2020
2020-01-13 12:19:55 [http-nio-8082-exec-4] INFO  c.s.keepnote.aspectj.LoggingAspect -
				returning obj: <200 OK,Note [noteId=4, noteTitle=not-started, noteContent=again desc, noteStatus=not-started, createdAt=Mon Jan 13 12:03:50 UTC 2020, category=null, reminder=null, createdBy=Jhon123],{}>
2020-01-13 12:19:55 [http-nio-8082-exec-2] INFO  c.s.keepnote.aspectj.LoggingAspect -
				@After : Mon Jan 13 12:19:55 UTC 2020
2020-01-13 12:19:55 [http-nio-8082-exec-2] INFO  c.s.keepnote.aspectj.LoggingAspect -
				returning obj: <200 OK,[Note [noteId=2, noteTitle=Second Note, noteContent=Added from PostMan, noteStatus=In progress, createdAt=Mon Jan 13 05:52:22 UTC 2020, category=null, reminder=null, createdBy=Jhon123], Note [noteId=4, noteTitle=not-started, noteContent=again desc, noteStatus=not-started, createdAt=Mon Jan 13 12:03:50 UTC 2020, category=null, reminder=null, createdBy=Jhon123]],{}>
2020-01-13 12:20:02 [http-nio-8082-exec-3] INFO  c.s.keepnote.aspectj.LoggingAspect -
				@Before : Mon Jan 13 12:20:02 UTC 2020
2020-01-13 12:20:02 [http-nio-8082-exec-3] INFO  c.s.keepnote.aspectj.LoggingAspect -
				@After : Mon Jan 13 12:20:02 UTC 2020
2020-01-13 12:20:02 [http-nio-8082-exec-3] INFO  c.s.keepnote.aspectj.LoggingAspect -
				returning obj: <200 OK,Note [noteId=4, noteTitle=not-started, noteContent=again desc, noteStatus=not-started, createdAt=Mon Jan 13 12:03:50 UTC 2020, category=null, reminder=null, createdBy=Jhon123],{}>
2020-01-13 12:20:03 [http-nio-8082-exec-5] INFO  c.s.keepnote.aspectj.LoggingAspect -
				@Before : Mon Jan 13 12:20:03 UTC 2020
2020-01-13 12:20:03 [http-nio-8082-exec-5] INFO  c.s.keepnote.aspectj.LoggingAspect -
				@After : Mon Jan 13 12:20:03 UTC 2020
2020-01-13 12:20:03 [http-nio-8082-exec-5] INFO  c.s.keepnote.aspectj.LoggingAspect -
				returning obj: <200 OK,[Note [noteId=2, noteTitle=Second Note, noteContent=Added from PostMan, noteStatus=In progress, createdAt=Mon Jan 13 05:52:22 UTC 2020, category=null, reminder=null, createdBy=Jhon123], Note [noteId=4, noteTitle=not-started, noteContent=again desc, noteStatus=not-started, createdAt=Mon Jan 13 12:03:50 UTC 2020, category=null, reminder=null, createdBy=Jhon123]],{}>
