2020-01-09 07:04:43 [main] INFO  c.s.k.t.c.CategoryControllerTest -
				Starting CategoryControllerTest on ip-172-31-84-253 with PID 1554 (started by ubuntu in /home/ubuntu/Documents/springworkspace2/KeepNote-Step6-Boilerplate/CategoryService)
2020-01-09 07:04:43 [main] DEBUG c.s.k.t.c.CategoryControllerTest -
				Running with Spring Boot v2.0.2.RELEASE, Spring v5.0.6.RELEASE
2020-01-09 07:04:43 [main] INFO  c.s.k.t.c.CategoryControllerTest -
				No active profile set, falling back to default profiles: default
2020-01-09 07:04:47 [main] INFO  c.s.k.t.c.CategoryControllerTest -
				Started CategoryControllerTest in 6.039 seconds (JVM running for 11.228)
2020-01-09 07:04:49 [main] INFO  c.s.keepnote.test.log.LoggerTest -
				Starting LoggerTest on ip-172-31-84-253 with PID 1554 (started by ubuntu in /home/ubuntu/Documents/springworkspace2/KeepNote-Step6-Boilerplate/CategoryService)
2020-01-09 07:04:49 [main] DEBUG c.s.keepnote.test.log.LoggerTest -
				Running with Spring Boot v2.0.2.RELEASE, Spring v5.0.6.RELEASE
2020-01-09 07:04:49 [main] INFO  c.s.keepnote.test.log.LoggerTest -
				No active profile set, falling back to default profiles: default
2020-01-09 07:04:58 [main] INFO  c.s.keepnote.test.log.LoggerTest -
				Started LoggerTest in 9.581 seconds (JVM running for 21.961)
2020-01-09 07:04:58 [main] INFO  c.s.k.t.r.CategoryRepositoryTest -
				Starting CategoryRepositoryTest on ip-172-31-84-253 with PID 1554 (started by ubuntu in /home/ubuntu/Documents/springworkspace2/KeepNote-Step6-Boilerplate/CategoryService)
2020-01-09 07:04:58 [main] DEBUG c.s.k.t.r.CategoryRepositoryTest -
				Running with Spring Boot v2.0.2.RELEASE, Spring v5.0.6.RELEASE
2020-01-09 07:04:58 [main] INFO  c.s.k.t.r.CategoryRepositoryTest -
				No active profile set, falling back to default profiles: default
2020-01-09 07:04:59 [main] INFO  c.s.k.t.r.CategoryRepositoryTest -
				Started CategoryRepositoryTest in 0.9 seconds (JVM running for 22.906)
