2020-01-14 03:21:17 [main] INFO  c.s.k.CategoryServiceApplication -
				Starting CategoryServiceApplication on ip-172-31-84-253 with PID 12227 (/home/ubuntu/Documents/springworkspace2/KeepNote-Step6-Boilerplate/CategoryService/target/classes started by ubuntu in /home/ubuntu/Documents/springworkspace2/KeepNote-Step6-Boilerplate/CategoryService)
2020-01-14 03:21:17 [main] DEBUG c.s.k.CategoryServiceApplication -
				Running with Spring Boot v2.0.2.RELEASE, Spring v5.0.6.RELEASE
2020-01-14 03:21:17 [main] INFO  c.s.k.CategoryServiceApplication -
				No active profile set, falling back to default profiles: default
2020-01-14 03:21:20 [localhost-startStop-1] DEBUG c.s.keepnote.jwtfilter.JwtFilter -
				Initializing filter 'jwtFilter'
2020-01-14 03:21:20 [localhost-startStop-1] DEBUG c.s.keepnote.jwtfilter.JwtFilter -
				Filter 'jwtFilter' configured successfully
2020-01-14 03:21:22 [main] ERROR o.a.catalina.core.StandardService -
				Failed to start connector [Connector[HTTP/1.1-8083]]
org.apache.catalina.LifecycleException: Failed to start component [Connector[HTTP/1.1-8083]]
	at org.apache.catalina.util.LifecycleBase.start(LifecycleBase.java:167)
	at org.apache.catalina.core.StandardService.addConnector(StandardService.java:225)
	at org.springframework.boot.web.embedded.tomcat.TomcatWebServer.addPreviouslyRemovedConnectors(TomcatWebServer.java:256)
	at org.springframework.boot.web.embedded.tomcat.TomcatWebServer.start(TomcatWebServer.java:198)
	at org.springframework.boot.web.servlet.context.ServletWebServerApplicationContext.startWebServer(ServletWebServerApplicationContext.java:300)
	at org.springframework.boot.web.servlet.context.ServletWebServerApplicationContext.finishRefresh(ServletWebServerApplicationContext.java:162)
	at org.springframework.context.support.AbstractApplicationContext.refresh(AbstractApplicationContext.java:553)
	at org.springframework.boot.web.servlet.context.ServletWebServerApplicationContext.refresh(ServletWebServerApplicationContext.java:140)
	at org.springframework.boot.SpringApplication.refresh(SpringApplication.java:759)
	at org.springframework.boot.SpringApplication.refreshContext(SpringApplication.java:395)
	at org.springframework.boot.SpringApplication.run(SpringApplication.java:327)
	at org.springframework.boot.SpringApplication.run(SpringApplication.java:1255)
	at org.springframework.boot.SpringApplication.run(SpringApplication.java:1243)
	at com.stackroute.keepnote.CategoryServiceApplication.main(CategoryServiceApplication.java:40)
Caused by: org.apache.catalina.LifecycleException: Protocol handler start failed
	at org.apache.catalina.connector.Connector.startInternal(Connector.java:1020)
	at org.apache.catalina.util.LifecycleBase.start(LifecycleBase.java:150)
	... 13 common frames omitted
Caused by: java.net.BindException: Address already in use
	at sun.nio.ch.Net.bind0(Native Method)
	at sun.nio.ch.Net.bind(Net.java:433)
	at sun.nio.ch.Net.bind(Net.java:425)
	at sun.nio.ch.ServerSocketChannelImpl.bind(ServerSocketChannelImpl.java:223)
	at sun.nio.ch.ServerSocketAdaptor.bind(ServerSocketAdaptor.java:74)
	at org.apache.tomcat.util.net.NioEndpoint.bind(NioEndpoint.java:210)
	at org.apache.tomcat.util.net.AbstractEndpoint.start(AbstractEndpoint.java:1150)
	at org.apache.coyote.AbstractProtocol.start(AbstractProtocol.java:591)
	at org.apache.catalina.connector.Connector.startInternal(Connector.java:1018)
	... 14 common frames omitted
2020-01-14 03:21:22 [main] ERROR o.s.b.d.LoggingFailureAnalysisReporter -
				

***************************
APPLICATION FAILED TO START
***************************

Description:

The Tomcat connector configured to listen on port 8083 failed to start. The port may already be in use or the connector may be misconfigured.

Action:

Verify the connector's configuration, identify and stop any process that's listening on port 8083, or configure this application to listen on another port.

